mode: set
github.com/phucle996/cache-engine/engine.go:40.87,43.16 2 1
github.com/phucle996/cache-engine/engine.go:43.16,45.3 1 1
github.com/phucle996/cache-engine/engine.go:47.2,48.53 2 1
github.com/phucle996/cache-engine/engine.go:48.53,50.3 1 1
github.com/phucle996/cache-engine/engine.go:53.2,59.29 3 1
github.com/phucle996/cache-engine/engine.go:59.29,61.17 2 1
github.com/phucle996/cache-engine/engine.go:61.17,63.4 1 1
github.com/phucle996/cache-engine/engine.go:64.3,64.43 1 1
github.com/phucle996/cache-engine/engine.go:67.2,67.21 1 1
github.com/phucle996/cache-engine/engine.go:71.108,74.16 2 1
github.com/phucle996/cache-engine/engine.go:74.16,76.3 1 1
github.com/phucle996/cache-engine/engine.go:78.2,79.53 2 1
github.com/phucle996/cache-engine/engine.go:79.53,81.3 1 1
github.com/phucle996/cache-engine/engine.go:84.2,90.29 3 1
github.com/phucle996/cache-engine/engine.go:90.29,92.17 2 1
github.com/phucle996/cache-engine/engine.go:92.17,94.4 1 1
github.com/phucle996/cache-engine/engine.go:95.3,95.48 1 1
github.com/phucle996/cache-engine/engine.go:98.2,98.26 1 1
github.com/phucle996/cache-engine/bus/bus.go:70.118,71.26 1 1
github.com/phucle996/cache-engine/bus/bus.go:71.26,73.3 1 1
github.com/phucle996/cache-engine/bus/bus.go:74.2,79.3 1 1
github.com/phucle996/cache-engine/bus/bus.go:83.104,85.34 1 1
github.com/phucle996/cache-engine/bus/bus.go:85.34,87.3 1 1
github.com/phucle996/cache-engine/bus/bus.go:90.2,90.38 1 1
github.com/phucle996/cache-engine/bus/bus.go:90.38,92.3 1 1
github.com/phucle996/cache-engine/bus/bus.go:94.2,95.13 2 1
github.com/phucle996/cache-engine/bus/bus.go:95.13,97.3 1 1
github.com/phucle996/cache-engine/bus/bus.go:99.2,108.16 3 1
github.com/phucle996/cache-engine/bus/bus.go:108.16,110.3 1 1
github.com/phucle996/cache-engine/bus/bus.go:112.2,112.53 1 1
github.com/phucle996/cache-engine/bus/bus.go:118.85,120.6 2 1
github.com/phucle996/cache-engine/bus/bus.go:120.6,122.23 2 1
github.com/phucle996/cache-engine/bus/bus.go:122.23,124.4 1 1
github.com/phucle996/cache-engine/bus/bus.go:127.3,127.10 1 1
github.com/phucle996/cache-engine/bus/bus.go:128.21,129.20 1 1
github.com/phucle996/cache-engine/bus/bus.go:130.30,132.28 2 1
github.com/phucle996/cache-engine/bus/bus.go:132.28,134.5 1 1
github.com/phucle996/cache-engine/bus/bus.go:139.89,144.6 4 1
github.com/phucle996/cache-engine/bus/bus.go:144.6,145.10 1 1
github.com/phucle996/cache-engine/bus/bus.go:146.21,147.20 1 1
github.com/phucle996/cache-engine/bus/bus.go:148.24,149.11 1 1
github.com/phucle996/cache-engine/bus/bus.go:149.11,151.5 1 1
github.com/phucle996/cache-engine/bus/bus.go:155.4,155.44 1 1
github.com/phucle996/cache-engine/bus/bus.go:155.44,156.13 1 1
github.com/phucle996/cache-engine/bus/bus.go:159.4,160.70 2 1
github.com/phucle996/cache-engine/bus/bus.go:160.70,161.13 1 1
github.com/phucle996/cache-engine/bus/bus.go:166.4,166.42 1 1
github.com/phucle996/cache-engine/bus/bus.go:166.42,167.13 1 1
github.com/phucle996/cache-engine/bus/bus.go:170.4,170.18 1 1
github.com/phucle996/cache-engine/bus/export.go:9.59,11.2 1 1
github.com/phucle996/cache-engine/bus/export.go:14.32,16.2 1 1
github.com/phucle996/cache-engine/bus/export.go:19.52,22.2 2 1
github.com/phucle996/cache-engine/bus/export.go:25.28,28.2 2 1
github.com/phucle996/cache-engine/codec/codec.go:18.27,20.2 1 1
github.com/phucle996/cache-engine/codec/codec.go:22.52,24.2 1 1
github.com/phucle996/cache-engine/codec/codec.go:26.57,28.2 1 1
github.com/phucle996/cache-engine/codec/codec.go:33.26,35.2 1 1
github.com/phucle996/cache-engine/codec/codec.go:37.51,40.16 3 1
github.com/phucle996/cache-engine/codec/codec.go:40.16,42.3 1 1
github.com/phucle996/cache-engine/codec/codec.go:43.2,43.25 1 1
github.com/phucle996/cache-engine/codec/codec.go:46.56,49.2 2 1
github.com/phucle996/cache-engine/jitter/jitter.go:31.54,32.14 1 1
github.com/phucle996/cache-engine/jitter/jitter.go:32.14,34.3 1 1
github.com/phucle996/cache-engine/jitter/jitter.go:36.2,37.26 2 1
github.com/phucle996/cache-engine/jitter/jitter.go:37.26,39.3 1 1
github.com/phucle996/cache-engine/jitter/jitter.go:40.2,40.27 1 1
github.com/phucle996/cache-engine/jitter/jitter.go:40.27,42.3 1 1
github.com/phucle996/cache-engine/jitter/jitter.go:44.2,49.31 4 1
github.com/phucle996/cache-engine/jitter/jitter.go:49.31,51.3 1 1
github.com/phucle996/cache-engine/jitter/jitter.go:52.2,52.17 1 1
github.com/phucle996/cache-engine/local/cow.go:55.30,59.2 3 1
github.com/phucle996/cache-engine/local/cow.go:62.55,65.50 3 1
github.com/phucle996/cache-engine/local/cow.go:65.50,67.3 1 1
github.com/phucle996/cache-engine/local/cow.go:68.2,68.41 1 1
github.com/phucle996/cache-engine/local/cow.go:72.81,77.79 4 1
github.com/phucle996/cache-engine/local/cow.go:77.79,79.3 1 1
github.com/phucle996/cache-engine/local/cow.go:81.2,84.36 2 1
github.com/phucle996/cache-engine/local/cow.go:84.36,86.3 1 1
github.com/phucle996/cache-engine/local/cow.go:88.2,95.19 3 1
github.com/phucle996/cache-engine/local/cow.go:99.54,104.79 4 1
github.com/phucle996/cache-engine/local/cow.go:104.79,106.3 1 1
github.com/phucle996/cache-engine/local/cow.go:108.2,111.36 2 1
github.com/phucle996/cache-engine/local/cow.go:111.36,112.15 1 1
github.com/phucle996/cache-engine/local/cow.go:112.15,114.4 1 1
github.com/phucle996/cache-engine/local/cow.go:116.2,116.19 1 1
github.com/phucle996/cache-engine/local/cow.go:120.28,124.2 3 1
github.com/phucle996/cache-engine/local/cow.go:128.39,137.36 6 1
github.com/phucle996/cache-engine/local/cow.go:137.36,138.29 1 1
github.com/phucle996/cache-engine/local/cow.go:138.29,140.4 1 1
github.com/phucle996/cache-engine/local/cow.go:144.2,144.23 1 1
github.com/phucle996/cache-engine/local/cow.go:144.23,146.3 1 1
github.com/phucle996/cache-engine/local/cow.go:149.2,153.36 2 1
github.com/phucle996/cache-engine/local/cow.go:153.36,154.30 1 1
github.com/phucle996/cache-engine/local/cow.go:154.30,156.4 1 1
github.com/phucle996/cache-engine/local/cow.go:159.2,160.21 2 1
github.com/phucle996/cache-engine/local/cow.go:168.16,170.8 2 1
github.com/phucle996/cache-engine/local/cow.go:170.8,172.3 1 1
github.com/phucle996/cache-engine/local/cow.go:174.2,174.55 1 1
github.com/phucle996/cache-engine/local/cow.go:174.55,176.19 2 1
github.com/phucle996/cache-engine/local/cow.go:176.19,178.4 1 1
github.com/phucle996/cache-engine/local/cow.go:180.3,181.20 2 1
github.com/phucle996/cache-engine/local/cow.go:183.2,183.17 1 1
github.com/phucle996/cache-engine/local/cow.go:204.56,211.2 3 1
github.com/phucle996/cache-engine/local/cow.go:214.65,220.12 4 1
github.com/phucle996/cache-engine/local/cow.go:220.12,222.7 2 1
github.com/phucle996/cache-engine/local/cow.go:222.7,223.11 1 1
github.com/phucle996/cache-engine/local/cow.go:224.20,225.68 1 1
github.com/phucle996/cache-engine/local/cow.go:225.68,227.6 1 1
github.com/phucle996/cache-engine/local/cow.go:228.25,229.11 1 1
github.com/phucle996/cache-engine/local/cow.go:236.36,237.26 1 1
github.com/phucle996/cache-engine/local/cow.go:237.26,240.3 2 1
github.com/phucle996/cache-engine/local/cow.go:244.76,246.2 1 1
github.com/phucle996/cache-engine/local/cow.go:249.77,251.2 1 1
github.com/phucle996/cache-engine/local/cow.go:254.69,256.2 1 1
github.com/phucle996/cache-engine/local/cow.go:259.139,261.13 2 1
github.com/phucle996/cache-engine/local/cow.go:261.13,263.3 1 1
github.com/phucle996/cache-engine/local/cow.go:265.2,265.37 1 1
github.com/phucle996/cache-engine/local/cow.go:265.37,267.3 1 1
github.com/phucle996/cache-engine/local/cow.go:269.2,269.58 1 1
github.com/phucle996/cache-engine/local/cow.go:273.160,275.13 2 1
github.com/phucle996/cache-engine/local/cow.go:275.13,277.3 1 1
github.com/phucle996/cache-engine/local/cow.go:279.2,279.42 1 1
github.com/phucle996/cache-engine/local/cow.go:279.42,280.26 1 1
github.com/phucle996/cache-engine/local/cow.go:280.26,282.4 1 1
github.com/phucle996/cache-engine/local/cow.go:285.2,286.53 2 1
github.com/phucle996/cache-engine/local/cow.go:290.156,292.13 2 1
github.com/phucle996/cache-engine/local/cow.go:292.13,294.3 1 1
github.com/phucle996/cache-engine/local/cow.go:296.2,296.42 1 1
github.com/phucle996/cache-engine/local/cow.go:296.42,297.26 1 1
github.com/phucle996/cache-engine/local/cow.go:297.26,299.4 1 1
github.com/phucle996/cache-engine/local/cow.go:302.2,303.53 2 1
github.com/phucle996/cache-engine/local/cow.go:311.16,314.8 2 1
github.com/phucle996/cache-engine/local/cow.go:314.8,316.3 1 1
github.com/phucle996/cache-engine/local/cow.go:319.2,319.55 1 1
github.com/phucle996/cache-engine/local/cow.go:319.55,322.14 2 1
github.com/phucle996/cache-engine/local/cow.go:322.14,326.4 2 1
github.com/phucle996/cache-engine/local/cow.go:328.3,329.19 2 1
github.com/phucle996/cache-engine/local/cow.go:329.19,331.4 1 1
github.com/phucle996/cache-engine/local/cow.go:334.3,335.20 2 1
github.com/phucle996/cache-engine/local/cow.go:338.2,338.17 1 1
github.com/phucle996/cache-engine/redis/redis.go:45.56,50.2 1 1
github.com/phucle996/cache-engine/redis/redis.go:53.62,54.18 1 1
github.com/phucle996/cache-engine/redis/redis.go:54.18,56.3 1 1
github.com/phucle996/cache-engine/redis/redis.go:60.81,61.21 1 1
github.com/phucle996/cache-engine/redis/redis.go:61.21,63.3 1 1
github.com/phucle996/cache-engine/redis/redis.go:64.2,65.24 2 1
github.com/phucle996/cache-engine/redis/redis.go:65.24,67.3 1 1
github.com/phucle996/cache-engine/redis/redis.go:68.2,68.16 1 1
github.com/phucle996/cache-engine/redis/redis.go:68.16,70.3 1 1
github.com/phucle996/cache-engine/redis/redis.go:71.2,71.24 1 1
github.com/phucle996/cache-engine/redis/redis.go:75.96,76.21 1 1
github.com/phucle996/cache-engine/redis/redis.go:76.21,78.3 1 1
github.com/phucle996/cache-engine/redis/redis.go:79.2,80.55 2 1
github.com/phucle996/cache-engine/redis/redis.go:84.68,85.21 1 1
github.com/phucle996/cache-engine/redis/redis.go:85.21,87.3 1 1
github.com/phucle996/cache-engine/redis/redis.go:88.2,88.37 1 1
github.com/phucle996/cache-engine/redis/redis.go:92.112,94.16 2 1
github.com/phucle996/cache-engine/redis/redis.go:94.16,96.3 1 1
github.com/phucle996/cache-engine/redis/redis.go:97.2,97.11 1 1
github.com/phucle996/cache-engine/redis/redis.go:97.11,99.3 1 1
github.com/phucle996/cache-engine/redis/redis.go:101.2,101.55 1 1
github.com/phucle996/cache-engine/redis/redis.go:101.55,103.19 2 1
github.com/phucle996/cache-engine/redis/redis.go:103.19,105.4 1 1
github.com/phucle996/cache-engine/redis/redis.go:107.3,108.20 2 1
github.com/phucle996/cache-engine/redis/redis.go:110.2,110.16 1 1
github.com/phucle996/cache-engine/redis/redis.go:110.16,112.3 1 1
github.com/phucle996/cache-engine/redis/redis.go:113.2,113.26 1 1
github.com/phucle996/cache-engine/redis/redis.go:117.115,119.16 2 1
github.com/phucle996/cache-engine/redis/redis.go:119.16,121.3 1 1
github.com/phucle996/cache-engine/redis/redis.go:122.2,122.11 1 1
github.com/phucle996/cache-engine/redis/redis.go:122.11,124.3 1 1
github.com/phucle996/cache-engine/redis/redis.go:126.2,126.52 1 1
github.com/phucle996/cache-engine/redis/redis.go:126.52,128.19 2 1
github.com/phucle996/cache-engine/redis/redis.go:128.19,130.4 1 1
github.com/phucle996/cache-engine/redis/redis.go:132.3,132.48 1 1
github.com/phucle996/cache-engine/redis/redis.go:132.48,134.4 1 1
github.com/phucle996/cache-engine/redis/redis.go:136.3,137.17 2 1
github.com/phucle996/cache-engine/redis/redis.go:137.17,139.4 1 1
github.com/phucle996/cache-engine/redis/redis.go:140.3,141.18 2 1
github.com/phucle996/cache-engine/redis/redis.go:143.2,143.12 1 1
github.com/phucle996/cache-engine/redis/redis.go:155.60,161.2 1 1
github.com/phucle996/cache-engine/redis/redis.go:164.68,165.18 1 1
github.com/phucle996/cache-engine/redis/redis.go:165.18,167.3 1 1
github.com/phucle996/cache-engine/redis/redis.go:171.76,173.2 1 1
github.com/phucle996/cache-engine/redis/redis.go:176.77,178.2 1 1
github.com/phucle996/cache-engine/redis/redis.go:181.69,183.2 1 1
github.com/phucle996/cache-engine/redis/redis.go:186.142,188.13 2 1
github.com/phucle996/cache-engine/redis/redis.go:188.13,190.3 1 1
github.com/phucle996/cache-engine/redis/redis.go:192.2,192.17 1 1
github.com/phucle996/cache-engine/redis/redis.go:192.17,194.17 2 1
github.com/phucle996/cache-engine/redis/redis.go:194.17,196.4 1 1
github.com/phucle996/cache-engine/redis/redis.go:198.3,198.12 1 1
github.com/phucle996/cache-engine/redis/redis.go:198.12,200.4 1 1
github.com/phucle996/cache-engine/redis/redis.go:203.2,203.58 1 1
github.com/phucle996/cache-engine/redis/redis.go:207.148,209.13 2 1
github.com/phucle996/cache-engine/redis/redis.go:209.13,211.3 1 1
github.com/phucle996/cache-engine/redis/redis.go:213.2,213.17 1 1
github.com/phucle996/cache-engine/redis/redis.go:213.17,214.62 1 1
github.com/phucle996/cache-engine/redis/redis.go:214.62,216.4 1 1
github.com/phucle996/cache-engine/redis/redis.go:219.2,219.53 1 1
github.com/phucle996/cache-engine/redis/redis.go:223.141,225.13 2 1
github.com/phucle996/cache-engine/redis/redis.go:225.13,227.3 1 1
github.com/phucle996/cache-engine/redis/redis.go:229.2,229.17 1 1
github.com/phucle996/cache-engine/redis/redis.go:229.17,230.53 1 1
github.com/phucle996/cache-engine/redis/redis.go:230.53,232.4 1 1
github.com/phucle996/cache-engine/redis/redis.go:235.2,235.53 1 1
github.com/phucle996/cache-engine/redis/redis.go:243.19,246.50 2 1
github.com/phucle996/cache-engine/redis/redis.go:246.50,248.3 1 1
github.com/phucle996/cache-engine/redis/redis.go:251.2,251.55 1 1
github.com/phucle996/cache-engine/redis/redis.go:251.55,253.14 2 1
github.com/phucle996/cache-engine/redis/redis.go:253.14,256.4 1 1
github.com/phucle996/cache-engine/redis/redis.go:258.3,259.19 2 1
github.com/phucle996/cache-engine/redis/redis.go:259.19,261.4 1 1
github.com/phucle996/cache-engine/redis/redis.go:264.3,264.18 1 1
github.com/phucle996/cache-engine/redis/redis.go:264.18,266.4 1 1
github.com/phucle996/cache-engine/redis/redis.go:267.3,267.25 1 1
github.com/phucle996/cache-engine/redis/redis.go:270.2,270.16 1 1
github.com/phucle996/cache-engine/redis/redis.go:270.16,272.3 1 1
github.com/phucle996/cache-engine/redis/redis.go:273.2,273.26 1 1
github.com/phucle996/cache-engine/redis/redis.go:277.150,279.50 2 1
github.com/phucle996/cache-engine/redis/redis.go:279.50,281.3 1 1
github.com/phucle996/cache-engine/redis/redis.go:282.2,282.58 1 1
github.com/phucle996/cache-engine/redis/redis.go:282.58,284.3 1 1
github.com/phucle996/cache-engine/redis/redis.go:285.2,285.52 1 1
github.com/phucle996/cache-engine/redis/redis.go:289.151,291.16 2 1
github.com/phucle996/cache-engine/redis/redis.go:291.16,293.3 1 1
github.com/phucle996/cache-engine/redis/redis.go:294.2,294.36 1 1
github.com/phucle996/cache-engine/redis/redis.go:303.9,306.50 2 1
github.com/phucle996/cache-engine/redis/redis.go:306.50,308.3 1 1
github.com/phucle996/cache-engine/redis/redis.go:311.2,311.55 1 1
github.com/phucle996/cache-engine/redis/redis.go:311.55,313.14 2 1
github.com/phucle996/cache-engine/redis/redis.go:313.14,316.4 1 1
github.com/phucle996/cache-engine/redis/redis.go:318.3,319.19 2 1
github.com/phucle996/cache-engine/redis/redis.go:319.19,321.4 1 1
github.com/phucle996/cache-engine/redis/redis.go:324.3,324.34 1 1
github.com/phucle996/cache-engine/redis/redis.go:324.34,326.21 2 1
github.com/phucle996/cache-engine/redis/redis.go:326.21,328.5 1 1
github.com/phucle996/cache-engine/redis/redis.go:330.3,330.20 1 1
github.com/phucle996/cache-engine/redis/redis.go:333.2,333.16 1 1
github.com/phucle996/cache-engine/redis/redis.go:333.16,335.3 1 1
github.com/phucle996/cache-engine/redis/redis.go:338.2,338.29 1 1
github.com/phucle996/cache-engine/redis/redis.go:341.41,342.16 1 1
github.com/phucle996/cache-engine/redis/redis.go:342.16,344.3 1 1
github.com/phucle996/cache-engine/redis/redis.go:345.2,346.50 2 1
github.com/phucle996/cache-engine/redis/redis.go:346.50,348.3 1 1
github.com/phucle996/cache-engine/redis/redis.go:350.2,351.69 2 1
github.com/phucle996/cache-engine/redis/redis.go:351.69,352.19 1 1
github.com/phucle996/cache-engine/redis/redis.go:352.19,354.4 1 1
github.com/phucle996/cache-engine/redis/redis.go:355.3,355.21 1 1
github.com/phucle996/cache-engine/redis/redis.go:358.2,359.48 2 1
github.com/phucle996/cache-engine/redis/redis.go:359.48,361.3 1 1
github.com/phucle996/cache-engine/redis/redis.go:363.2,364.12 2 1
github.com/phucle996/cache-engine/registry/registry.go:56.51,57.22 1 1
github.com/phucle996/cache-engine/registry/registry.go:57.22,59.3 1 1
github.com/phucle996/cache-engine/registry/registry.go:60.2,68.3 1 1
github.com/phucle996/cache-engine/registry/registry.go:72.67,77.52 3 1
github.com/phucle996/cache-engine/registry/registry.go:77.52,81.37 3 1
github.com/phucle996/cache-engine/registry/registry.go:81.37,82.24 1 1
github.com/phucle996/cache-engine/registry/registry.go:82.24,84.10 2 1
github.com/phucle996/cache-engine/registry/registry.go:87.3,87.14 1 1
github.com/phucle996/cache-engine/registry/registry.go:87.14,89.4 1 1
github.com/phucle996/cache-engine/registry/registry.go:90.8,90.38 1 1
github.com/phucle996/cache-engine/registry/registry.go:90.38,96.3 1 1
github.com/phucle996/cache-engine/registry/registry.go:96.8,99.3 1 1
github.com/phucle996/cache-engine/registry/registry.go:103.65,106.38 2 1
github.com/phucle996/cache-engine/registry/registry.go:106.38,109.3 2 1
github.com/phucle996/cache-engine/registry/registry.go:112.2,112.36 1 1
github.com/phucle996/cache-engine/registry/registry.go:112.36,113.20 1 1
github.com/phucle996/cache-engine/registry/registry.go:113.20,115.43 2 1
github.com/phucle996/cache-engine/registry/registry.go:115.43,118.5 2 1
github.com/phucle996/cache-engine/registry/registry.go:121.2,128.38 4 1
github.com/phucle996/cache-engine/registry/registry.go:128.38,131.3 2 1
github.com/phucle996/cache-engine/registry/registry.go:134.2,134.35 1 1
github.com/phucle996/cache-engine/registry/registry.go:134.35,136.28 2 1
github.com/phucle996/cache-engine/registry/registry.go:136.28,138.47 1 1
github.com/phucle996/cache-engine/registry/registry.go:138.47,140.5 1 1
github.com/phucle996/cache-engine/registry/registry.go:141.4,144.26 4 1
github.com/phucle996/cache-engine/registry/registry.go:148.2,148.17 1 1
github.com/phucle996/cache-engine/registry/registry.go:152.34,157.2 4 1
github.com/phucle996/cache-engine/registry/registry.go:159.37,161.17 2 1
github.com/phucle996/cache-engine/registry/registry.go:161.17,165.3 3 1
github.com/phucle996/cache-engine/registry/registry.go:169.70,174.2 4 1
github.com/phucle996/cache-engine/registry/registry.go:177.45,183.2 5 1
github.com/phucle996/cache-engine/registry/registry.go:186.43,190.2 3 1
github.com/phucle996/cache-engine/registry/registry.go:193.36,197.2 3 1
github.com/phucle996/cache-engine/registry/registry.go:200.47,205.2 4 1
github.com/phucle996/cache-engine/registry/registry.go:207.57,209.36 1 1
github.com/phucle996/cache-engine/registry/registry.go:209.36,210.45 1 1
github.com/phucle996/cache-engine/registry/registry.go:210.45,212.4 1 1
github.com/phucle996/cache-engine/registry/registry.go:213.3,213.24 1 1
github.com/phucle996/cache-engine/registry/registry.go:213.24,214.27 1 1
github.com/phucle996/cache-engine/registry/registry.go:214.27,216.5 1 1
github.com/phucle996/cache-engine/registry/registry.go:219.2,219.56 1 1
github.com/phucle996/cache-engine/registry/registry.go:219.56,221.3 1 1
github.com/phucle996/cache-engine/registry/registry.go:222.2,222.18 1 1
github.com/phucle996/cache-engine/registry/registry.go:225.38,226.30 1 1
github.com/phucle996/cache-engine/registry/registry.go:226.30,227.48 1 1
github.com/phucle996/cache-engine/registry/registry.go:227.48,229.4 1 1
github.com/phucle996/cache-engine/registry/registry.go:231.2,231.14 1 1
github.com/phucle996/cache-engine/taxonomy/errorx.go:57.32,58.18 1 1
github.com/phucle996/cache-engine/taxonomy/errorx.go:58.18,60.3 1 1
github.com/phucle996/cache-engine/taxonomy/errorx.go:61.2,61.50 1 1
github.com/phucle996/cache-engine/taxonomy/errorx.go:65.65,71.2 1 1
