mode: set
github.com/phucle996/cache-engine/engine.go:40.87,43.16 2 1
github.com/phucle996/cache-engine/engine.go:43.16,45.3 1 1
github.com/phucle996/cache-engine/engine.go:47.2,48.53 2 1
github.com/phucle996/cache-engine/engine.go:48.53,50.3 1 1
github.com/phucle996/cache-engine/engine.go:53.2,59.29 3 1
github.com/phucle996/cache-engine/engine.go:59.29,61.17 2 1
github.com/phucle996/cache-engine/engine.go:61.17,63.4 1 1
github.com/phucle996/cache-engine/engine.go:64.3,64.43 1 1
github.com/phucle996/cache-engine/engine.go:67.2,67.21 1 1
github.com/phucle996/cache-engine/engine.go:71.108,74.16 2 1
github.com/phucle996/cache-engine/engine.go:74.16,76.3 1 1
github.com/phucle996/cache-engine/engine.go:78.2,79.53 2 1
github.com/phucle996/cache-engine/engine.go:79.53,81.3 1 1
github.com/phucle996/cache-engine/engine.go:84.2,90.29 3 1
github.com/phucle996/cache-engine/engine.go:90.29,92.17 2 1
github.com/phucle996/cache-engine/engine.go:92.17,94.4 1 1
github.com/phucle996/cache-engine/engine.go:95.3,95.48 1 1
github.com/phucle996/cache-engine/engine.go:98.2,98.26 1 1
github.com/phucle996/cache-engine/bus/bus.go:70.118,71.26 1 1
github.com/phucle996/cache-engine/bus/bus.go:71.26,73.3 1 1
github.com/phucle996/cache-engine/bus/bus.go:74.2,79.3 1 1
github.com/phucle996/cache-engine/bus/bus.go:83.104,85.34 1 1
github.com/phucle996/cache-engine/bus/bus.go:85.34,87.3 1 1
github.com/phucle996/cache-engine/bus/bus.go:90.2,90.38 1 1
github.com/phucle996/cache-engine/bus/bus.go:90.38,92.3 1 1
github.com/phucle996/cache-engine/bus/bus.go:94.2,95.13 2 1
github.com/phucle996/cache-engine/bus/bus.go:95.13,97.3 1 1
github.com/phucle996/cache-engine/bus/bus.go:99.2,108.16 3 1
github.com/phucle996/cache-engine/bus/bus.go:108.16,110.3 1 1
github.com/phucle996/cache-engine/bus/bus.go:112.2,112.53 1 1
github.com/phucle996/cache-engine/bus/bus.go:118.85,120.6 2 1
github.com/phucle996/cache-engine/bus/bus.go:120.6,122.23 2 1
github.com/phucle996/cache-engine/bus/bus.go:122.23,124.4 1 1
github.com/phucle996/cache-engine/bus/bus.go:127.3,127.10 1 1
github.com/phucle996/cache-engine/bus/bus.go:128.21,129.20 1 1
github.com/phucle996/cache-engine/bus/bus.go:130.30,132.28 2 1
github.com/phucle996/cache-engine/bus/bus.go:132.28,134.5 1 1
github.com/phucle996/cache-engine/bus/bus.go:139.89,144.6 4 1
github.com/phucle996/cache-engine/bus/bus.go:144.6,145.10 1 1
github.com/phucle996/cache-engine/bus/bus.go:146.21,147.20 1 1
github.com/phucle996/cache-engine/bus/bus.go:148.24,149.11 1 1
github.com/phucle996/cache-engine/bus/bus.go:149.11,151.5 1 1
github.com/phucle996/cache-engine/bus/bus.go:155.4,155.44 1 1
github.com/phucle996/cache-engine/bus/bus.go:155.44,156.13 1 1
github.com/phucle996/cache-engine/bus/bus.go:159.4,160.70 2 1
github.com/phucle996/cache-engine/bus/bus.go:160.70,161.13 1 1
github.com/phucle996/cache-engine/bus/bus.go:166.4,166.42 1 1
github.com/phucle996/cache-engine/bus/bus.go:166.42,167.13 1 1
github.com/phucle996/cache-engine/bus/bus.go:170.4,170.18 1 1
github.com/phucle996/cache-engine/bus/export.go:9.59,11.2 1 1
github.com/phucle996/cache-engine/bus/export.go:14.32,16.2 1 1
github.com/phucle996/cache-engine/bus/export.go:19.52,22.2 2 1
github.com/phucle996/cache-engine/bus/export.go:25.28,28.2 2 1
github.com/phucle996/cache-engine/codec/codec.go:18.27,20.2 1 1
github.com/phucle996/cache-engine/codec/codec.go:22.52,24.2 1 1
github.com/phucle996/cache-engine/codec/codec.go:26.57,28.2 1 1
github.com/phucle996/cache-engine/codec/codec.go:33.26,35.2 1 1
github.com/phucle996/cache-engine/codec/codec.go:37.51,40.16 3 1
github.com/phucle996/cache-engine/codec/codec.go:40.16,42.3 1 1
github.com/phucle996/cache-engine/codec/codec.go:43.2,43.25 1 1
github.com/phucle996/cache-engine/codec/codec.go:46.56,49.2 2 1
github.com/phucle996/cache-engine/jitter/jitter.go:31.54,32.14 1 1
github.com/phucle996/cache-engine/jitter/jitter.go:32.14,34.3 1 1
github.com/phucle996/cache-engine/jitter/jitter.go:36.2,37.26 2 1
github.com/phucle996/cache-engine/jitter/jitter.go:37.26,39.3 1 1
github.com/phucle996/cache-engine/jitter/jitter.go:40.2,40.27 1 1
github.com/phucle996/cache-engine/jitter/jitter.go:40.27,42.3 1 1
github.com/phucle996/cache-engine/jitter/jitter.go:44.2,49.31 4 1
github.com/phucle996/cache-engine/jitter/jitter.go:49.31,51.3 1 1
github.com/phucle996/cache-engine/jitter/jitter.go:52.2,52.17 1 1
github.com/phucle996/cache-engine/local/cow.go:54.30,58.2 3 1
github.com/phucle996/cache-engine/local/cow.go:61.55,64.50 3 1
github.com/phucle996/cache-engine/local/cow.go:64.50,66.3 1 1
github.com/phucle996/cache-engine/local/cow.go:67.2,67.41 1 1
github.com/phucle996/cache-engine/local/cow.go:71.81,76.79 4 1
github.com/phucle996/cache-engine/local/cow.go:76.79,78.3 1 1
github.com/phucle996/cache-engine/local/cow.go:80.2,83.36 2 1
github.com/phucle996/cache-engine/local/cow.go:83.36,85.3 1 1
github.com/phucle996/cache-engine/local/cow.go:87.2,94.19 3 1
github.com/phucle996/cache-engine/local/cow.go:98.54,103.79 4 1
github.com/phucle996/cache-engine/local/cow.go:103.79,105.3 1 1
github.com/phucle996/cache-engine/local/cow.go:107.2,110.36 2 1
github.com/phucle996/cache-engine/local/cow.go:110.36,111.15 1 1
github.com/phucle996/cache-engine/local/cow.go:111.15,113.4 1 1
github.com/phucle996/cache-engine/local/cow.go:115.2,115.19 1 1
github.com/phucle996/cache-engine/local/cow.go:119.28,123.2 3 1
github.com/phucle996/cache-engine/local/cow.go:127.39,136.36 6 1
github.com/phucle996/cache-engine/local/cow.go:136.36,137.29 1 1
github.com/phucle996/cache-engine/local/cow.go:137.29,139.4 1 1
github.com/phucle996/cache-engine/local/cow.go:143.2,143.23 1 1
github.com/phucle996/cache-engine/local/cow.go:143.23,145.3 1 1
github.com/phucle996/cache-engine/local/cow.go:148.2,152.36 2 1
github.com/phucle996/cache-engine/local/cow.go:152.36,153.30 1 1
github.com/phucle996/cache-engine/local/cow.go:153.30,155.4 1 1
github.com/phucle996/cache-engine/local/cow.go:158.2,159.21 2 1
github.com/phucle996/cache-engine/local/cow.go:179.56,186.2 3 1
github.com/phucle996/cache-engine/local/cow.go:189.65,195.12 4 1
github.com/phucle996/cache-engine/local/cow.go:195.12,197.7 2 1
github.com/phucle996/cache-engine/local/cow.go:197.7,198.11 1 1
github.com/phucle996/cache-engine/local/cow.go:199.20,200.68 1 1
github.com/phucle996/cache-engine/local/cow.go:200.68,202.6 1 1
github.com/phucle996/cache-engine/local/cow.go:203.25,204.11 1 1
github.com/phucle996/cache-engine/local/cow.go:211.36,212.26 1 1
github.com/phucle996/cache-engine/local/cow.go:212.26,215.3 2 1
github.com/phucle996/cache-engine/local/cow.go:219.76,221.2 1 1
github.com/phucle996/cache-engine/local/cow.go:224.77,226.2 1 1
github.com/phucle996/cache-engine/local/cow.go:229.69,231.2 1 1
github.com/phucle996/cache-engine/local/cow.go:234.139,236.13 2 1
github.com/phucle996/cache-engine/local/cow.go:236.13,238.3 1 1
github.com/phucle996/cache-engine/local/cow.go:240.2,240.37 1 1
github.com/phucle996/cache-engine/local/cow.go:240.37,242.3 1 1
github.com/phucle996/cache-engine/local/cow.go:244.2,244.58 1 1
github.com/phucle996/cache-engine/local/cow.go:248.160,250.13 2 1
github.com/phucle996/cache-engine/local/cow.go:250.13,252.3 1 1
github.com/phucle996/cache-engine/local/cow.go:254.2,254.42 1 1
github.com/phucle996/cache-engine/local/cow.go:254.42,255.26 1 1
github.com/phucle996/cache-engine/local/cow.go:255.26,257.4 1 1
github.com/phucle996/cache-engine/local/cow.go:260.2,261.53 2 1
github.com/phucle996/cache-engine/local/cow.go:265.156,267.13 2 1
github.com/phucle996/cache-engine/local/cow.go:267.13,269.3 1 1
github.com/phucle996/cache-engine/local/cow.go:271.2,271.42 1 1
github.com/phucle996/cache-engine/local/cow.go:271.42,272.26 1 1
github.com/phucle996/cache-engine/local/cow.go:272.26,274.4 1 1
github.com/phucle996/cache-engine/local/cow.go:277.2,278.53 2 1
github.com/phucle996/cache-engine/local/cow.go:286.16,289.8 2 1
github.com/phucle996/cache-engine/local/cow.go:289.8,291.3 1 1
github.com/phucle996/cache-engine/local/cow.go:294.2,294.55 1 1
github.com/phucle996/cache-engine/local/cow.go:294.55,297.14 2 1
github.com/phucle996/cache-engine/local/cow.go:297.14,301.4 2 1
github.com/phucle996/cache-engine/local/cow.go:303.3,304.19 2 1
github.com/phucle996/cache-engine/local/cow.go:304.19,306.4 1 1
github.com/phucle996/cache-engine/local/cow.go:309.3,310.20 2 1
github.com/phucle996/cache-engine/local/cow.go:313.2,313.17 1 1
github.com/phucle996/cache-engine/redis/redis.go:43.56,45.2 1 1
github.com/phucle996/cache-engine/redis/redis.go:48.81,49.21 1 1
github.com/phucle996/cache-engine/redis/redis.go:49.21,51.3 1 1
github.com/phucle996/cache-engine/redis/redis.go:52.2,53.24 2 1
github.com/phucle996/cache-engine/redis/redis.go:53.24,55.3 1 1
github.com/phucle996/cache-engine/redis/redis.go:56.2,56.16 1 1
github.com/phucle996/cache-engine/redis/redis.go:56.16,58.3 1 1
github.com/phucle996/cache-engine/redis/redis.go:59.2,59.24 1 1
github.com/phucle996/cache-engine/redis/redis.go:63.96,64.21 1 1
github.com/phucle996/cache-engine/redis/redis.go:64.21,66.3 1 1
github.com/phucle996/cache-engine/redis/redis.go:67.2,68.55 2 1
github.com/phucle996/cache-engine/redis/redis.go:72.68,73.21 1 1
github.com/phucle996/cache-engine/redis/redis.go:73.21,75.3 1 1
github.com/phucle996/cache-engine/redis/redis.go:76.2,76.37 1 1
github.com/phucle996/cache-engine/redis/redis.go:88.60,94.2 1 1
github.com/phucle996/cache-engine/redis/redis.go:97.68,98.18 1 1
github.com/phucle996/cache-engine/redis/redis.go:98.18,100.3 1 1
github.com/phucle996/cache-engine/redis/redis.go:104.76,106.2 1 1
github.com/phucle996/cache-engine/redis/redis.go:109.77,111.2 1 1
github.com/phucle996/cache-engine/redis/redis.go:114.69,116.2 1 1
github.com/phucle996/cache-engine/redis/redis.go:119.142,121.13 2 1
github.com/phucle996/cache-engine/redis/redis.go:121.13,123.3 1 1
github.com/phucle996/cache-engine/redis/redis.go:125.2,125.17 1 1
github.com/phucle996/cache-engine/redis/redis.go:125.17,127.17 2 1
github.com/phucle996/cache-engine/redis/redis.go:127.17,129.4 1 1
github.com/phucle996/cache-engine/redis/redis.go:131.3,131.12 1 1
github.com/phucle996/cache-engine/redis/redis.go:131.12,133.4 1 1
github.com/phucle996/cache-engine/redis/redis.go:136.2,136.58 1 1
github.com/phucle996/cache-engine/redis/redis.go:140.148,142.13 2 1
github.com/phucle996/cache-engine/redis/redis.go:142.13,144.3 1 1
github.com/phucle996/cache-engine/redis/redis.go:146.2,146.17 1 1
github.com/phucle996/cache-engine/redis/redis.go:146.17,147.62 1 1
github.com/phucle996/cache-engine/redis/redis.go:147.62,149.4 1 1
github.com/phucle996/cache-engine/redis/redis.go:152.2,152.53 1 1
github.com/phucle996/cache-engine/redis/redis.go:156.141,158.13 2 1
github.com/phucle996/cache-engine/redis/redis.go:158.13,160.3 1 1
github.com/phucle996/cache-engine/redis/redis.go:162.2,162.17 1 1
github.com/phucle996/cache-engine/redis/redis.go:162.17,163.53 1 1
github.com/phucle996/cache-engine/redis/redis.go:163.53,165.4 1 1
github.com/phucle996/cache-engine/redis/redis.go:168.2,168.53 1 1
github.com/phucle996/cache-engine/redis/redis.go:176.19,179.50 2 1
github.com/phucle996/cache-engine/redis/redis.go:179.50,181.3 1 1
github.com/phucle996/cache-engine/redis/redis.go:184.2,184.55 1 1
github.com/phucle996/cache-engine/redis/redis.go:184.55,186.14 2 1
github.com/phucle996/cache-engine/redis/redis.go:186.14,189.4 1 1
github.com/phucle996/cache-engine/redis/redis.go:191.3,192.19 2 1
github.com/phucle996/cache-engine/redis/redis.go:192.19,194.4 1 1
github.com/phucle996/cache-engine/redis/redis.go:197.3,197.18 1 1
github.com/phucle996/cache-engine/redis/redis.go:197.18,199.4 1 1
github.com/phucle996/cache-engine/redis/redis.go:200.3,200.25 1 1
github.com/phucle996/cache-engine/redis/redis.go:203.2,203.16 1 1
github.com/phucle996/cache-engine/redis/redis.go:203.16,205.3 1 1
github.com/phucle996/cache-engine/redis/redis.go:206.2,206.26 1 1
github.com/phucle996/cache-engine/redis/redis.go:210.150,212.50 2 1
github.com/phucle996/cache-engine/redis/redis.go:212.50,214.3 1 1
github.com/phucle996/cache-engine/redis/redis.go:215.2,215.58 1 1
github.com/phucle996/cache-engine/redis/redis.go:215.58,217.3 1 1
github.com/phucle996/cache-engine/redis/redis.go:218.2,218.52 1 1
github.com/phucle996/cache-engine/redis/redis.go:222.151,224.16 2 1
github.com/phucle996/cache-engine/redis/redis.go:224.16,226.3 1 1
github.com/phucle996/cache-engine/redis/redis.go:227.2,227.36 1 1
github.com/phucle996/cache-engine/redis/redis.go:236.9,239.50 2 1
github.com/phucle996/cache-engine/redis/redis.go:239.50,241.3 1 1
github.com/phucle996/cache-engine/redis/redis.go:244.2,244.55 1 1
github.com/phucle996/cache-engine/redis/redis.go:244.55,246.14 2 1
github.com/phucle996/cache-engine/redis/redis.go:246.14,249.4 1 1
github.com/phucle996/cache-engine/redis/redis.go:251.3,252.19 2 1
github.com/phucle996/cache-engine/redis/redis.go:252.19,254.4 1 1
github.com/phucle996/cache-engine/redis/redis.go:257.3,257.34 1 1
github.com/phucle996/cache-engine/redis/redis.go:257.34,259.21 2 1
github.com/phucle996/cache-engine/redis/redis.go:259.21,261.5 1 1
github.com/phucle996/cache-engine/redis/redis.go:263.3,263.20 1 1
github.com/phucle996/cache-engine/redis/redis.go:266.2,266.16 1 1
github.com/phucle996/cache-engine/redis/redis.go:266.16,268.3 1 1
github.com/phucle996/cache-engine/redis/redis.go:271.2,271.29 1 1
github.com/phucle996/cache-engine/redis/redis.go:274.41,275.16 1 1
github.com/phucle996/cache-engine/redis/redis.go:275.16,277.3 1 1
github.com/phucle996/cache-engine/redis/redis.go:278.2,279.50 2 1
github.com/phucle996/cache-engine/redis/redis.go:279.50,281.3 1 1
github.com/phucle996/cache-engine/redis/redis.go:283.2,284.69 2 1
github.com/phucle996/cache-engine/redis/redis.go:284.69,285.19 1 1
github.com/phucle996/cache-engine/redis/redis.go:285.19,287.4 1 1
github.com/phucle996/cache-engine/redis/redis.go:288.3,288.21 1 1
github.com/phucle996/cache-engine/redis/redis.go:291.2,292.48 2 1
github.com/phucle996/cache-engine/redis/redis.go:292.48,294.3 1 1
github.com/phucle996/cache-engine/redis/redis.go:296.2,297.12 2 1
github.com/phucle996/cache-engine/registry/registry.go:56.51,57.22 1 1
github.com/phucle996/cache-engine/registry/registry.go:57.22,59.3 1 1
github.com/phucle996/cache-engine/registry/registry.go:60.2,68.3 1 1
github.com/phucle996/cache-engine/registry/registry.go:72.67,77.52 3 1
github.com/phucle996/cache-engine/registry/registry.go:77.52,81.37 3 1
github.com/phucle996/cache-engine/registry/registry.go:81.37,82.24 1 1
github.com/phucle996/cache-engine/registry/registry.go:82.24,84.10 2 1
github.com/phucle996/cache-engine/registry/registry.go:87.3,87.14 1 1
github.com/phucle996/cache-engine/registry/registry.go:87.14,89.4 1 1
github.com/phucle996/cache-engine/registry/registry.go:90.8,90.38 1 1
github.com/phucle996/cache-engine/registry/registry.go:90.38,96.3 1 1
github.com/phucle996/cache-engine/registry/registry.go:96.8,99.3 1 1
github.com/phucle996/cache-engine/registry/registry.go:103.65,106.38 2 1
github.com/phucle996/cache-engine/registry/registry.go:106.38,109.3 2 1
github.com/phucle996/cache-engine/registry/registry.go:112.2,112.36 1 1
github.com/phucle996/cache-engine/registry/registry.go:112.36,113.20 1 1
github.com/phucle996/cache-engine/registry/registry.go:113.20,115.43 2 1
github.com/phucle996/cache-engine/registry/registry.go:115.43,118.5 2 1
github.com/phucle996/cache-engine/registry/registry.go:121.2,128.38 4 1
github.com/phucle996/cache-engine/registry/registry.go:128.38,131.3 2 1
github.com/phucle996/cache-engine/registry/registry.go:134.2,134.35 1 1
github.com/phucle996/cache-engine/registry/registry.go:134.35,136.28 2 1
github.com/phucle996/cache-engine/registry/registry.go:136.28,138.47 1 1
github.com/phucle996/cache-engine/registry/registry.go:138.47,140.5 1 1
github.com/phucle996/cache-engine/registry/registry.go:141.4,144.26 4 1
github.com/phucle996/cache-engine/registry/registry.go:148.2,148.17 1 1
github.com/phucle996/cache-engine/registry/registry.go:152.34,157.2 4 1
github.com/phucle996/cache-engine/registry/registry.go:159.37,161.17 2 1
github.com/phucle996/cache-engine/registry/registry.go:161.17,165.3 3 1
github.com/phucle996/cache-engine/registry/registry.go:169.70,174.2 4 1
github.com/phucle996/cache-engine/registry/registry.go:177.45,183.2 5 1
github.com/phucle996/cache-engine/registry/registry.go:186.43,190.2 3 1
github.com/phucle996/cache-engine/registry/registry.go:193.36,197.2 3 1
github.com/phucle996/cache-engine/registry/registry.go:200.47,205.2 4 1
github.com/phucle996/cache-engine/registry/registry.go:207.57,209.36 1 1
github.com/phucle996/cache-engine/registry/registry.go:209.36,210.45 1 1
github.com/phucle996/cache-engine/registry/registry.go:210.45,212.4 1 1
github.com/phucle996/cache-engine/registry/registry.go:213.3,213.24 1 1
github.com/phucle996/cache-engine/registry/registry.go:213.24,214.27 1 1
github.com/phucle996/cache-engine/registry/registry.go:214.27,216.5 1 1
github.com/phucle996/cache-engine/registry/registry.go:219.2,219.56 1 1
github.com/phucle996/cache-engine/registry/registry.go:219.56,221.3 1 1
github.com/phucle996/cache-engine/registry/registry.go:222.2,222.18 1 1
github.com/phucle996/cache-engine/registry/registry.go:225.38,226.30 1 1
github.com/phucle996/cache-engine/registry/registry.go:226.30,227.48 1 1
github.com/phucle996/cache-engine/registry/registry.go:227.48,229.4 1 1
github.com/phucle996/cache-engine/registry/registry.go:231.2,231.14 1 1
github.com/phucle996/cache-engine/taxonomy/errorx.go:57.32,58.18 1 1
github.com/phucle996/cache-engine/taxonomy/errorx.go:58.18,60.3 1 1
github.com/phucle996/cache-engine/taxonomy/errorx.go:61.2,61.50 1 1
github.com/phucle996/cache-engine/taxonomy/errorx.go:65.65,71.2 1 1
